2025-08-06 14:57:53,053 - INFO - Data Processing Initialized.
2025-08-06 14:57:54,322 - INFO - Data Loaded Successfully for Data Processing.
2025-08-06 14:57:54,510 - INFO - Filtered users Successfully.
2025-08-06 14:57:55,896 - INFO - Scaling Done for Processing.
2025-08-06 14:57:56,067 - INFO - Encoding Done for User and Anime.
2025-08-06 14:57:56,869 - INFO - Data Splitted Sucessfully.
2025-08-06 14:57:56,884 - INFO - user2user_encoded saved successfully in processed directory.
2025-08-06 14:57:56,891 - INFO - user2user_decoded saved successfully in processed directory.
2025-08-06 14:57:56,917 - INFO - anime2anime_encoded saved successfully in processed directory.
2025-08-06 14:57:56,963 - INFO - anime2anime_decoded saved successfully in processed directory.
2025-08-06 14:58:02,799 - INFO - ALL the training testing data and rating_df is saved.
2025-08-06 14:58:03,041 - ERROR - Error in C:\Users\ay272\OneDrive\Documents\Projects\anime_recommender_system\src\data_processing.py, line 143 : Failed to save Artifacts.
2025-08-06 15:02:21,866 - INFO - Data Processing Initialized.
2025-08-06 15:02:23,197 - INFO - Data Loaded Successfully for Data Processing.
2025-08-06 15:02:23,371 - INFO - Filtered users Successfully.
2025-08-06 15:02:24,737 - INFO - Scaling Done for Processing.
2025-08-06 15:02:24,912 - INFO - Encoding Done for User and Anime.
2025-08-06 15:02:25,779 - INFO - Data Splitted Sucessfully.
2025-08-06 15:02:25,793 - INFO - user2user_encoded saved successfully in processed directory.
2025-08-06 15:02:25,805 - INFO - user2user_decoded saved successfully in processed directory.
2025-08-06 15:02:25,834 - INFO - anime2anime_encoded saved successfully in processed directory.
2025-08-06 15:02:25,863 - INFO - anime2anime_decoded saved successfully in processed directory.
2025-08-06 15:02:31,818 - INFO - ALL the training testing data and rating_df is saved.
2025-08-06 15:02:37,468 - INFO - anime_df and synopsis_df saved successfully.
2025-08-06 15:02:37,471 - INFO - Data Processing pipline run successfully.
